[2025-05-07 10:12:30,498][root][WARNING] - {'input_ids': tensor([[ 101, 1327, 1110,  ..., 1830, 1559,  102],
        [ 101, 1327, 1110,  ..., 1181,  102,    0],
        [ 101, 1327, 1110,  ..., 1580,  102,    0],
        ...,
        [ 101, 1327, 1110,  ...,    0,    0,    0],
        [ 101, 1327, 1110,  ...,    0,    0,    0],
        [ 101, 1327, 1110,  ...,    0,    0,    0]], device='cuda:0'), 'token_type_ids': tensor([[0, 0, 0,  ..., 0, 0, 0],
        [0, 0, 0,  ..., 0, 0, 0],
        [0, 0, 0,  ..., 0, 0, 0],
        ...,
        [0, 0, 0,  ..., 0, 0, 0],
        [0, 0, 0,  ..., 0, 0, 0],
        [0, 0, 0,  ..., 0, 0, 0]], device='cuda:0'), 'attention_mask': tensor([[1, 1, 1,  ..., 1, 1, 1],
        [1, 1, 1,  ..., 1, 1, 0],
        [1, 1, 1,  ..., 1, 1, 0],
        ...,
        [1, 1, 1,  ..., 0, 0, 0],
        [1, 1, 1,  ..., 0, 0, 0],
        [1, 1, 1,  ..., 0, 0, 0]], device='cuda:0'), 'labels': tensor([[0, 0, 0, 1, 0, 0, 0, 0, 0, 0],
        [0, 1, 0, 0, 0, 0, 0, 0, 0, 0],
        [0, 0, 0, 1, 0, 0, 0, 0, 0, 0],
        [0, 0, 0, 0, 0, 0, 0, 1, 0, 0],
        [0, 0, 1, 0, 0, 0, 0, 0, 0, 0],
        [0, 0, 0, 0, 1, 0, 0, 0, 0, 0],
        [0, 0, 0, 0, 0, 0, 1, 0, 0, 0],
        [0, 0, 0, 0, 0, 0, 0, 1, 0, 0],
        [0, 0, 0, 0, 0, 0, 0, 0, 1, 0],
        [0, 0, 0, 0, 1, 0, 0, 0, 0, 0],
        [0, 0, 0, 0, 0, 0, 0, 0, 1, 0],
        [0, 0, 0, 0, 0, 0, 1, 0, 0, 0],
        [0, 0, 0, 1, 0, 0, 0, 0, 0, 0],
        [0, 0, 0, 0, 0, 0, 0, 0, 1, 0],
        [0, 0, 1, 0, 0, 0, 0, 0, 0, 0],
        [0, 0, 0, 0, 0, 0, 0, 1, 0, 0],
        [0, 0, 0, 0, 0, 0, 0, 0, 0, 1],
        [0, 0, 0, 0, 0, 1, 0, 0, 0, 0],
        [0, 0, 0, 0, 0, 0, 0, 1, 0, 0],
        [1, 0, 0, 0, 0, 0, 0, 0, 0, 0],
        [0, 1, 0, 0, 0, 0, 0, 0, 0, 0],
        [0, 0, 0, 0, 0, 1, 0, 0, 0, 0],
        [0, 0, 0, 0, 1, 0, 0, 0, 0, 0],
        [0, 0, 0, 0, 0, 0, 0, 1, 0, 0],
        [0, 0, 0, 0, 0, 0, 1, 0, 0, 0],
        [0, 0, 1, 0, 0, 0, 0, 0, 0, 0],
        [0, 0, 0, 0, 0, 0, 0, 0, 0, 1],
        [0, 0, 0, 0, 1, 0, 0, 0, 0, 0],
        [0, 0, 0, 0, 0, 0, 0, 0, 1, 0],
        [0, 0, 0, 0, 0, 0, 0, 1, 0, 0],
        [0, 0, 0, 0, 0, 0, 0, 1, 0, 0],
        [0, 0, 0, 0, 0, 0, 0, 0, 0, 1]], device='cuda:0'), 'embeddings': tensor([[[-0.7448, -0.1758, -0.0923,  ..., -0.2898,  0.2657,  0.3834],
         [-0.3834, -0.3332, -0.8088,  ...,  0.3128,  0.5654,  1.0370],
         [-0.7621, -0.8288, -0.8763,  ..., -0.4294, -0.3783,  0.3246],
         ...,
         [-0.2137, -0.6708, -0.0766,  ...,  0.6768,  0.3245,  0.8930],
         [ 0.1953, -0.8362, -1.0361,  ...,  0.1741, -0.2136,  1.1981],
         [-0.6786, -0.0646, -0.3661,  ..., -0.1592,  0.4287,  0.6464]],

        [[-0.2041, -1.1062, -0.5195,  ..., -0.0798,  0.4028,  0.6557],
         [-0.5094, -0.5604, -0.9938,  ...,  0.1436, -0.1034,  0.3218],
         [-0.2572, -0.3424, -0.8558,  ...,  0.2967,  1.3644,  0.6438],
         ...,
         [-0.6751, -0.9718, -0.3962,  ..., -0.1824,  1.0111,  0.3813],
         [-0.8524, -0.7545, -0.6536,  ..., -0.2197, -0.2921,  0.5928],
         [-0.4309, -0.7757,  0.0409,  ..., -0.0372, -0.0713,  0.7590]],

        [[-0.7350,  0.2848, -0.7133,  ...,  0.2544,  0.4146, -0.2088],
         [-0.2096,  0.0348,  0.0607,  ..., -0.3032,  0.7019,  0.5605],
         [-0.8308, -0.9101, -0.3669,  ..., -0.1782, -0.2891,  0.2240],
         ...,
         [-0.5672, -0.4820,  0.2004,  ...,  0.4039, -0.5440,  0.7257],
         [-0.4402, -0.1624,  0.0432,  ...,  0.4220,  0.4463,  0.6864],
         [-0.3959, -0.0957, -1.0235,  ...,  0.1302,  0.6479,  0.6261]],

        ...,

        [[-0.4626, -0.1728,  0.2450,  ..., -0.3198,  0.3433,  0.8690],
         [-0.0736, -0.6479, -0.7496,  ...,  0.3836,  0.3828,  1.0753],
         [-1.1188, -0.0992, -0.1863,  ...,  0.2235,  0.1595,  0.6569],
         ...,
         [-0.5506, -0.2684, -0.5398,  ...,  0.0867,  0.7546,  1.0383],
         [-0.7209, -0.4648,  0.0187,  ...,  0.0468,  0.4985,  0.0149],
         [-0.6944, -0.5843, -0.5415,  ..., -0.2371, -0.1818,  0.1614]],

        [[-0.3661, -0.4023, -0.5190,  ...,  0.5223,  0.5561,  0.4674],
         [-0.6369, -0.6905, -0.6293,  ..., -0.2421, -0.2345,  0.2734],
         [-0.4199, -0.3414,  0.0882,  ...,  0.7346,  0.0687,  0.2150],
         ...,
         [-0.4643,  0.0156,  0.2538,  ..., -0.2768,  0.0989,  0.5306],
         [-0.4733, -0.3200, -0.7579,  ..., -0.3132,  0.7860,  0.6573],
         [-0.3533, -0.3194, -0.2425,  ...,  0.2808,  0.4324,  0.6041]],

        [[-0.7651, -0.4937, -0.7994,  ...,  0.0648, -0.2747,  0.4684],
         [-0.8245,  0.7607, -0.3715,  ..., -0.4682,  0.3323,  0.5513],
         [-0.8960, -0.1061, -0.6242,  ...,  0.1896,  0.4281,  0.4671],
         ...,
         [-0.6629, -0.5659, -0.3308,  ..., -0.0771,  0.2984,  1.2295],
         [-0.6672, -0.6492, -0.2370,  ..., -0.4194, -0.5557,  1.1763],
         [-0.1201,  0.4401, -0.1622,  ..., -0.0564,  0.1894,  0.6027]]],
       device='cuda:0')}
