[2025-05-06 22:53:25,271][root][WARNING] - {'input_ids': tensor([[ 101, 1327, 1110,  ..., 1830, 1559,  102],
        [ 101, 1327, 1110,  ..., 1527,  102,    0],
        [ 101, 1327, 1110,  ..., 1527,  102,    0],
        ...,
        [ 101, 1327, 1110,  ...,    0,    0,    0],
        [ 101, 1327, 1110,  ...,    0,    0,    0],
        [ 101, 1327, 1110,  ...,    0,    0,    0]], device='cuda:0'), 'token_type_ids': tensor([[0, 0, 0,  ..., 0, 0, 0],
        [0, 0, 0,  ..., 0, 0, 0],
        [0, 0, 0,  ..., 0, 0, 0],
        ...,
        [0, 0, 0,  ..., 0, 0, 0],
        [0, 0, 0,  ..., 0, 0, 0],
        [0, 0, 0,  ..., 0, 0, 0]], device='cuda:0'), 'attention_mask': tensor([[1, 1, 1,  ..., 1, 1, 1],
        [1, 1, 1,  ..., 1, 1, 0],
        [1, 1, 1,  ..., 1, 1, 0],
        ...,
        [1, 1, 1,  ..., 0, 0, 0],
        [1, 1, 1,  ..., 0, 0, 0],
        [1, 1, 1,  ..., 0, 0, 0]], device='cuda:0'), 'labels': tensor([[0, 0, 0, 1, 0, 0, 0, 0, 0, 0],
        [0, 0, 0, 0, 1, 0, 0, 0, 0, 0],
        [0, 0, 0, 0, 0, 0, 0, 1, 0, 0],
        [0, 0, 1, 0, 0, 0, 0, 0, 0, 0],
        [0, 1, 0, 0, 0, 0, 0, 0, 0, 0],
        [0, 0, 0, 1, 0, 0, 0, 0, 0, 0],
        [0, 0, 0, 0, 0, 0, 0, 1, 0, 0],
        [0, 0, 0, 0, 1, 0, 0, 0, 0, 0],
        [0, 0, 0, 0, 0, 0, 0, 0, 1, 0],
        [0, 0, 0, 0, 0, 0, 1, 0, 0, 0],
        [0, 0, 0, 0, 0, 0, 0, 0, 1, 0],
        [0, 0, 0, 0, 0, 1, 0, 0, 0, 0],
        [0, 0, 0, 0, 0, 0, 1, 0, 0, 0],
        [0, 0, 0, 0, 0, 0, 0, 1, 0, 0],
        [1, 0, 0, 0, 0, 0, 0, 0, 0, 0],
        [0, 0, 0, 0, 0, 0, 0, 1, 0, 0],
        [0, 0, 0, 1, 0, 0, 0, 0, 0, 0],
        [0, 1, 0, 0, 0, 0, 0, 0, 0, 0],
        [0, 0, 0, 0, 1, 0, 0, 0, 0, 0],
        [0, 0, 1, 0, 0, 0, 0, 0, 0, 0],
        [0, 0, 0, 0, 0, 0, 0, 1, 0, 0],
        [0, 0, 0, 0, 0, 0, 0, 0, 1, 0],
        [0, 0, 0, 0, 0, 0, 1, 0, 0, 0],
        [0, 0, 0, 0, 0, 0, 0, 0, 0, 1],
        [0, 0, 0, 0, 0, 1, 0, 0, 0, 0],
        [0, 0, 0, 0, 0, 0, 1, 0, 0, 0],
        [1, 0, 0, 0, 0, 0, 0, 0, 0, 0],
        [0, 0, 0, 0, 0, 0, 0, 0, 1, 0],
        [0, 0, 0, 0, 0, 1, 0, 0, 0, 0],
        [0, 0, 0, 0, 0, 0, 0, 0, 0, 1],
        [0, 0, 0, 0, 0, 0, 0, 0, 1, 0],
        [0, 0, 0, 0, 0, 0, 0, 1, 0, 0]], device='cuda:0'), 'embeddings': tensor([[[-3.8402e-01, -3.6966e-01, -7.3529e-01,  ..., -1.3631e-01,
           7.4544e-01,  6.5637e-01],
         [-3.7754e-01,  8.2505e-02, -2.1765e-01,  ..., -1.7660e-01,
           1.0903e-01,  7.2513e-01],
         [-6.6967e-01, -3.9462e-01, -4.5800e-01,  ...,  6.5637e-02,
           4.1946e-01,  4.7319e-01],
         ...,
         [-3.8830e-01, -2.7007e-03,  3.5112e-01,  ..., -3.4967e-03,
           6.4285e-01,  9.1215e-03],
         [-4.0980e-01, -7.2105e-01, -7.1383e-01,  ..., -1.1300e-03,
          -3.0659e-01,  3.3628e-01],
         [-3.8449e-01, -1.1536e-01, -3.2793e-01,  ...,  4.8059e-01,
           2.1886e-01,  3.0332e-01]],

        [[-7.7871e-01, -4.2776e-01, -6.5491e-01,  ...,  5.7604e-02,
          -5.8623e-01,  3.1418e-01],
         [-2.1650e-01, -5.3110e-01, -5.3528e-01,  ...,  5.1678e-01,
           4.6577e-02,  2.1088e-01],
         [-8.9343e-01, -6.4756e-02, -5.9596e-01,  ..., -1.7786e-01,
           4.5911e-02, -6.4618e-02],
         ...,
         [-6.5310e-01, -2.2800e-01, -1.0033e+00,  ...,  2.7428e-01,
           7.3358e-01,  5.5500e-01],
         [-9.3622e-01, -4.2573e-01, -1.6879e-01,  ..., -1.4500e-01,
           3.9607e-01,  4.0530e-01],
         [-2.7635e-01,  8.2347e-02, -6.9488e-01,  ..., -2.1266e-01,
           9.7601e-02,  3.9123e-01]],

        [[ 5.3472e-02, -4.0848e-01, -5.4039e-01,  ...,  1.5971e-01,
           9.7015e-02,  1.0319e+00],
         [-3.6190e-01, -2.3412e-01, -8.1745e-01,  ..., -9.8604e-02,
           6.0218e-01,  1.6465e-01],
         [-3.5283e-01,  2.7407e-01,  9.8684e-02,  ..., -3.4494e-01,
           2.5275e-01,  3.3960e-01],
         ...,
         [-5.0670e-01, -7.2157e-01, -8.9368e-01,  ..., -3.0223e-01,
          -2.3395e-01,  1.5931e-01],
         [-6.2289e-01, -1.6981e-01, -4.1216e-01,  ..., -2.2504e-01,
           4.9567e-01,  5.2719e-01],
         [-4.7219e-01, -2.6738e-02, -6.8428e-01,  ...,  3.5039e-03,
           1.0256e+00,  3.0324e-01]],

        ...,

        [[-4.4551e-01,  2.1985e-02, -6.5384e-01,  ...,  4.4917e-01,
           1.2351e-01, -9.0049e-02],
         [-2.1346e-01,  4.6435e-01, -6.3711e-01,  ...,  9.2512e-02,
           3.5934e-01,  5.6753e-01],
         [ 1.1770e-01,  1.8668e-01, -2.0379e-01,  ...,  5.2121e-03,
           4.0126e-01,  2.3833e-01],
         ...,
         [-6.6411e-01, -3.0326e-01, -8.7885e-01,  ..., -4.6548e-01,
           1.3774e-01,  4.1499e-01],
         [-4.4362e-01, -4.1929e-01, -1.7835e-01,  ..., -5.5935e-01,
           3.7450e-01,  1.1652e-02],
         [-6.0966e-01, -3.8216e-01, -7.5634e-01,  ...,  1.7102e-01,
           3.1327e-01,  7.5950e-01]],

        [[ 2.3089e-01,  7.1707e-02, -5.3883e-01,  ..., -4.2735e-01,
           4.2348e-01,  4.7266e-01],
         [-8.5918e-01, -9.1599e-01, -3.8591e-01,  ..., -1.3959e-01,
          -2.7028e-02,  2.6541e-01],
         [-6.5333e-01,  1.7931e-02,  4.4668e-01,  ...,  6.8844e-02,
           3.0028e-01,  3.8744e-01],
         ...,
         [ 9.7125e-03,  3.3171e-02, -5.4373e-01,  ..., -2.2397e-01,
           5.1071e-01,  3.8554e-01],
         [-7.6851e-01, -4.6712e-01, -2.9957e-01,  ...,  1.5083e-01,
           9.9847e-02,  1.7549e-01],
         [ 5.9041e-02, -1.2333e-01, -7.2991e-01,  ..., -9.0565e-02,
           4.4789e-01,  8.2273e-01]],

        [[ 6.1980e-02, -2.4706e-01, -4.9390e-01,  ..., -2.8096e-01,
           2.3712e-01,  7.9048e-01],
         [-7.9509e-01, -5.4046e-01, -6.8723e-01,  ..., -1.6204e-01,
          -4.0403e-01,  4.0373e-01],
         [-5.4565e-01, -4.8510e-02, -1.7283e-01,  ...,  2.0974e-02,
           1.7904e-01,  5.0855e-01],
         ...,
         [-8.4148e-01, -3.4053e-01, -5.0755e-01,  ...,  5.2499e-01,
           7.4357e-01,  4.3336e-01],
         [-1.5764e-01, -7.3344e-01, -1.1487e-01,  ...,  7.7853e-01,
           1.0057e+00,  9.9506e-02],
         [-1.3254e+00, -7.2088e-01, -6.5141e-01,  ...,  1.1784e+00,
           9.6361e-01, -1.7554e-01]]], device='cuda:0')}
