[2025-05-07 10:07:14,564][root][WARNING] - {'input_ids': tensor([[ 101, 1327, 1110,  ..., 1830, 1559,  102],
        [ 101, 1327, 1110,  ..., 1161,  102,    0],
        [ 101, 1327, 1110,  ..., 1527,  102,    0],
        ...,
        [ 101, 1327, 1110,  ...,    0,    0,    0],
        [ 101, 1327, 1110,  ...,    0,    0,    0],
        [ 101, 1327, 1110,  ...,    0,    0,    0]], device='cuda:0'), 'token_type_ids': tensor([[0, 0, 0,  ..., 0, 0, 0],
        [0, 0, 0,  ..., 0, 0, 0],
        [0, 0, 0,  ..., 0, 0, 0],
        ...,
        [0, 0, 0,  ..., 0, 0, 0],
        [0, 0, 0,  ..., 0, 0, 0],
        [0, 0, 0,  ..., 0, 0, 0]], device='cuda:0'), 'attention_mask': tensor([[1, 1, 1,  ..., 1, 1, 1],
        [1, 1, 1,  ..., 1, 1, 0],
        [1, 1, 1,  ..., 1, 1, 0],
        ...,
        [1, 1, 1,  ..., 0, 0, 0],
        [1, 1, 1,  ..., 0, 0, 0],
        [1, 1, 1,  ..., 0, 0, 0]], device='cuda:0'), 'labels': tensor([[0, 0, 0, 1, 0, 0, 0, 0, 0, 0],
        [0, 0, 1, 0, 0, 0, 0, 0, 0, 0],
        [0, 0, 0, 0, 1, 0, 0, 0, 0, 0],
        [0, 0, 0, 1, 0, 0, 0, 0, 0, 0],
        [0, 0, 0, 0, 0, 0, 0, 1, 0, 0],
        [0, 1, 0, 0, 0, 0, 0, 0, 0, 0],
        [0, 0, 0, 0, 0, 0, 0, 1, 0, 0],
        [0, 0, 0, 0, 1, 0, 0, 0, 0, 0],
        [0, 0, 0, 0, 0, 0, 1, 0, 0, 0],
        [0, 0, 0, 0, 0, 0, 0, 0, 1, 0],
        [0, 0, 0, 0, 0, 0, 0, 0, 1, 0],
        [0, 0, 0, 0, 0, 1, 0, 0, 0, 0],
        [0, 0, 1, 0, 0, 0, 0, 0, 0, 0],
        [0, 0, 0, 0, 0, 1, 0, 0, 0, 0],
        [0, 0, 0, 0, 0, 0, 0, 1, 0, 0],
        [0, 0, 0, 1, 0, 0, 0, 0, 0, 0],
        [0, 0, 0, 0, 0, 0, 0, 0, 0, 1],
        [0, 0, 0, 0, 0, 0, 1, 0, 0, 0],
        [0, 1, 0, 0, 0, 0, 0, 0, 0, 0],
        [0, 0, 0, 0, 0, 0, 0, 1, 0, 0],
        [0, 0, 0, 0, 0, 0, 1, 0, 0, 0],
        [0, 0, 0, 0, 1, 0, 0, 0, 0, 0],
        [0, 0, 0, 0, 0, 0, 0, 0, 1, 0],
        [1, 0, 0, 0, 0, 0, 0, 0, 0, 0],
        [0, 0, 0, 0, 0, 0, 0, 1, 0, 0],
        [0, 0, 0, 0, 0, 0, 1, 0, 0, 0],
        [0, 0, 0, 0, 0, 0, 0, 0, 0, 1],
        [0, 0, 0, 0, 0, 0, 1, 0, 0, 0],
        [0, 0, 0, 0, 0, 0, 0, 0, 1, 0],
        [0, 0, 0, 0, 0, 0, 0, 0, 0, 1],
        [0, 0, 0, 0, 0, 1, 0, 0, 0, 0],
        [0, 0, 0, 0, 0, 0, 1, 0, 0, 0]], device='cuda:0'), 'embeddings': tensor([[[-6.2965e-01, -7.0206e-01, -7.9047e-01,  ...,  5.8235e-01,
           3.3216e-01,  8.0863e-01],
         [-6.2473e-01, -8.1275e-01, -7.1690e-01,  ..., -2.6822e-01,
          -3.0332e-01,  3.6642e-01],
         [-8.9585e-01, -1.8805e-01, -5.6852e-01,  ..., -3.0596e-01,
          -5.2174e-02,  6.1842e-01],
         ...,
         [-7.5850e-01, -1.7863e-01,  2.0073e-01,  ..., -3.7981e-02,
           1.7531e-02,  7.9948e-01],
         [-4.4632e-01, -4.5703e-02, -7.2187e-01,  ..., -6.0854e-02,
           7.5919e-01,  5.4786e-01],
         [-8.9713e-01, -3.4673e-01, -7.1816e-01,  ...,  3.5635e-01,
           5.1169e-01,  1.6248e-02]],

        [[-8.0639e-01, -1.8419e-01,  1.2887e-03,  ...,  4.4502e-02,
           1.1754e-01,  5.5151e-01],
         [-5.5102e-01, -4.9030e-01, -1.9587e-01,  ...,  8.0567e-02,
           9.4645e-01,  6.4130e-01],
         [ 4.4628e-01, -1.5808e-01, -2.5076e-01,  ...,  4.8895e-01,
           5.1724e-02, -7.1249e-02],
         ...,
         [-2.0666e-01, -5.2985e-02, -4.8117e-01,  ...,  2.2212e-01,
           1.8529e-01,  1.0582e+00],
         [-4.8514e-01, -7.2153e-01, -1.0072e+00,  ..., -7.1818e-03,
          -3.1388e-01,  2.7279e-01],
         [-6.8700e-01,  2.3793e-01, -4.6765e-01,  ..., -1.0047e-01,
           4.9393e-01,  1.7733e-02]],

        [[-6.4805e-01, -6.7432e-02,  5.6070e-02,  ..., -2.9212e-01,
           6.5563e-02,  3.0438e-01],
         [ 2.2886e-01,  2.4408e-01, -3.0255e-01,  ..., -2.8882e-01,
           2.1082e-01,  7.3572e-01],
         [-1.4208e+00, -7.7384e-02,  2.6763e-01,  ..., -1.2159e-01,
           7.3898e-01,  7.8462e-01],
         ...,
         [-5.2256e-01, -6.0878e-01, -6.5258e-01,  ..., -3.0762e-01,
          -1.9920e-01,  2.8962e-01],
         [-4.2093e-01, -3.9240e-01, -6.3409e-04,  ..., -2.7179e-02,
           1.2460e-01,  5.3669e-01],
         [-6.2442e-01, -2.2735e-01, -1.6881e-01,  ..., -2.7751e-01,
          -2.1631e-01,  4.1080e-01]],

        ...,

        [[-6.6283e-01,  2.3556e-01, -7.5868e-01,  ...,  2.1646e-01,
           3.3813e-01,  4.7860e-01],
         [-3.3896e-01, -1.0487e+00,  1.4246e-01,  ...,  1.8315e-01,
          -4.2342e-01,  2.8993e-01],
         [-1.2653e+00, -1.4937e-01, -5.8075e-01,  ...,  3.2501e-01,
           4.8994e-01,  2.0083e-02],
         ...,
         [-5.4379e-01, -7.0012e-01, -9.2479e-01,  ..., -2.1439e-01,
          -1.3300e-01,  4.1242e-01],
         [-4.3753e-01,  3.6511e-03, -1.7377e-02,  ..., -3.6700e-01,
           1.1051e-02,  5.8270e-01],
         [-6.0642e-01,  5.6885e-02,  4.3154e-01,  ..., -4.8190e-01,
           3.0164e-01,  2.2942e-01]],

        [[-1.4814e-01, -1.3000e-01,  4.1044e-01,  ...,  4.6036e-01,
           1.2986e-01,  1.9923e-01],
         [-1.0280e+00, -3.3682e-01, -3.2151e-01,  ..., -5.6927e-01,
           4.3210e-01,  6.6930e-01],
         [-6.1916e-01, -5.5001e-01,  5.2219e-01,  ...,  1.2586e-01,
           7.1214e-01,  6.3028e-01],
         ...,
         [-3.3212e-01, -1.2636e-01, -3.4385e-01,  ...,  2.1782e-02,
          -7.2645e-02,  9.4666e-01],
         [-9.2859e-01, -3.4981e-01, -3.2338e-01,  ..., -6.3038e-02,
           5.4210e-01,  5.5125e-01],
         [-4.3349e-01, -6.9625e-01, -5.5000e-01,  ..., -2.8385e-01,
          -2.0254e-01,  4.5462e-01]],

        [[ 6.1980e-02, -2.4706e-01, -4.9390e-01,  ..., -2.8096e-01,
           2.3712e-01,  7.9048e-01],
         [-7.9509e-01, -5.4046e-01, -6.8723e-01,  ..., -1.6204e-01,
          -4.0403e-01,  4.0373e-01],
         [-5.4565e-01, -4.8510e-02, -1.7283e-01,  ...,  2.0974e-02,
           1.7904e-01,  5.0855e-01],
         ...,
         [-8.4148e-01, -3.4053e-01, -5.0755e-01,  ...,  5.2499e-01,
           7.4357e-01,  4.3336e-01],
         [-1.5764e-01, -7.3344e-01, -1.1487e-01,  ...,  7.7853e-01,
           1.0057e+00,  9.9506e-02],
         [-1.3254e+00, -7.2088e-01, -6.5141e-01,  ...,  1.1784e+00,
           9.6361e-01, -1.7554e-01]]], device='cuda:0')}
