[2025-05-07 10:09:31,953][root][WARNING] - {'input_ids': tensor([[ 101, 1327, 1110,  ..., 1830, 1559,  102],
        [ 101, 1327, 1110,  ..., 1181,  102,    0],
        [ 101, 1327, 1110,  ..., 1161,  102,    0],
        ...,
        [ 101, 1327, 1110,  ...,    0,    0,    0],
        [ 101, 1327, 1110,  ...,    0,    0,    0],
        [ 101, 1327, 1110,  ...,    0,    0,    0]], device='cuda:0'), 'token_type_ids': tensor([[0, 0, 0,  ..., 0, 0, 0],
        [0, 0, 0,  ..., 0, 0, 0],
        [0, 0, 0,  ..., 0, 0, 0],
        ...,
        [0, 0, 0,  ..., 0, 0, 0],
        [0, 0, 0,  ..., 0, 0, 0],
        [0, 0, 0,  ..., 0, 0, 0]], device='cuda:0'), 'attention_mask': tensor([[1, 1, 1,  ..., 1, 1, 1],
        [1, 1, 1,  ..., 1, 1, 0],
        [1, 1, 1,  ..., 1, 1, 0],
        ...,
        [1, 1, 1,  ..., 0, 0, 0],
        [1, 1, 1,  ..., 0, 0, 0],
        [1, 1, 1,  ..., 0, 0, 0]], device='cuda:0'), 'labels': tensor([[0, 0, 0, 1, 0, 0, 0, 0, 0, 0],
        [0, 1, 0, 0, 0, 0, 0, 0, 0, 0],
        [0, 0, 1, 0, 0, 0, 0, 0, 0, 0],
        [0, 0, 0, 0, 1, 0, 0, 0, 0, 0],
        [0, 0, 0, 1, 0, 0, 0, 0, 0, 0],
        [0, 0, 0, 0, 0, 0, 0, 1, 0, 0],
        [0, 0, 0, 0, 0, 0, 1, 0, 0, 0],
        [0, 0, 0, 0, 0, 0, 0, 1, 0, 0],
        [0, 0, 0, 0, 0, 0, 0, 0, 1, 0],
        [0, 0, 0, 0, 1, 0, 0, 0, 0, 0],
        [0, 0, 0, 0, 0, 0, 0, 0, 1, 0],
        [1, 0, 0, 0, 0, 0, 0, 0, 0, 0],
        [0, 0, 0, 0, 0, 0, 0, 0, 1, 0],
        [0, 0, 0, 0, 0, 0, 0, 1, 0, 0],
        [0, 0, 0, 0, 0, 0, 0, 1, 0, 0],
        [0, 1, 0, 0, 0, 0, 0, 0, 0, 0],
        [0, 0, 0, 1, 0, 0, 0, 0, 0, 0],
        [0, 0, 1, 0, 0, 0, 0, 0, 0, 0],
        [0, 0, 0, 0, 0, 0, 0, 0, 0, 1],
        [0, 0, 0, 0, 0, 0, 1, 0, 0, 0],
        [0, 0, 0, 0, 1, 0, 0, 0, 0, 0],
        [0, 0, 0, 0, 0, 0, 1, 0, 0, 0],
        [0, 0, 0, 0, 0, 1, 0, 0, 0, 0],
        [0, 0, 0, 0, 0, 0, 0, 1, 0, 0],
        [0, 0, 0, 0, 0, 1, 0, 0, 0, 0],
        [0, 0, 0, 0, 0, 1, 0, 0, 0, 0],
        [0, 0, 0, 1, 0, 0, 0, 0, 0, 0],
        [0, 0, 1, 0, 0, 0, 0, 0, 0, 0],
        [1, 0, 0, 0, 0, 0, 0, 0, 0, 0],
        [0, 0, 0, 0, 0, 0, 0, 0, 0, 1],
        [0, 0, 0, 0, 0, 0, 1, 0, 0, 0],
        [1, 0, 0, 0, 0, 0, 0, 0, 0, 0]], device='cuda:0'), 'embeddings': tensor([[[-0.3292, -0.7317, -0.5838,  ..., -0.1840, -0.2894,  0.3076],
         [-0.7022, -0.7301, -0.5016,  ...,  0.0296,  0.5355,  0.3021],
         [-0.8804, -0.7067,  0.4936,  ...,  0.0291,  0.2322,  0.0700],
         ...,
         [-0.3759, -0.4671, -0.9917,  ...,  0.2351,  0.4569,  0.8914],
         [-0.6413, -0.0104,  0.0571,  ..., -0.1781,  0.2203,  0.1732],
         [-0.8415, -0.0342, -0.8735,  ...,  0.0582,  0.4217,  0.3236]],

        [[-0.9789, -0.2955,  0.0505,  ...,  0.4505,  0.4775,  0.3104],
         [-0.6556, -0.8417, -0.7572,  ..., -0.0946, -0.4471,  0.0918],
         [-0.6264, -0.4917, -0.4502,  ...,  0.1885,  0.1573,  0.6561],
         ...,
         [ 0.3026, -0.1303, -0.4456,  ...,  0.7735,  0.3622,  0.7180],
         [ 0.1230, -0.1168, -0.6034,  ...,  0.0272,  0.4351,  0.0067],
         [-0.3374, -0.1897, -0.7922,  ..., -0.6387,  0.6313,  0.1439]],

        [[-0.6117, -0.3418, -0.5013,  ...,  0.1804,  0.0745,  0.9611],
         [-0.6574, -0.4943, -0.5518,  ..., -0.4400, -0.1471,  0.2713],
         [-0.0519, -0.4139, -0.0909,  ...,  0.3204,  0.6772,  0.8910],
         ...,
         [-0.5493,  0.0317, -0.5858,  ...,  0.0104,  0.4606,  0.3803],
         [-0.7375, -0.1916, -0.6036,  ..., -0.2605,  0.4318,  0.8106],
         [-0.9224, -0.5482, -0.7287,  ...,  0.0343,  0.1752,  0.2792]],

        ...,

        [[-0.1596, -0.1814, -0.7319,  ...,  0.0370,  0.9568,  0.4536],
         [-0.9440, -0.7241, -0.1336,  ..., -0.3191,  0.3244,  0.2236],
         [ 0.0198, -0.5616,  0.4349,  ...,  0.5287,  0.3284,  0.0415],
         ...,
         [-0.4146, -0.6653, -0.9740,  ..., -0.2757,  0.2319,  0.5113],
         [-0.8512, -0.3383, -0.4952,  ..., -0.3006,  0.1720,  0.4613],
         [-0.2687, -0.5248, -0.2909,  ..., -0.1879,  0.3763,  0.8395]],

        [[-0.4287,  0.2910, -0.3060,  ...,  0.2501, -0.0239,  0.8611],
         [ 0.3131,  0.1680, -0.3113,  ..., -0.6543, -0.1795,  0.7779],
         [-0.5813, -0.4100, -0.5145,  ...,  0.0816,  0.4898,  0.3477],
         ...,
         [-0.4197,  0.4217, -0.2228,  ..., -0.2151,  0.4451,  0.4406],
         [-0.7535, -0.6860, -0.7281,  ..., -0.1546, -0.0993,  0.4714],
         [-0.3676, -0.6053, -0.4329,  ..., -0.1863,  0.5877,  0.7126]],

        [[-0.5663, -0.8195, -0.7408,  ..., -0.4470, -0.1494,  0.5203],
         [-0.2239, -0.3035, -0.2693,  ...,  0.5619,  0.7865,  0.0596],
         [-0.4666, -0.2500, -0.3017,  ..., -0.2068,  0.5398,  0.5293],
         ...,
         [-0.4388, -0.4553, -0.2791,  ...,  0.1424, -0.0676,  0.5291],
         [-0.6300,  0.0787, -0.3982,  ..., -0.4873,  0.8517,  0.4183],
         [-0.4593,  0.3293, -0.5218,  ...,  0.5064,  0.0182,  0.3570]]],
       device='cuda:0')}
